[2018-06-01 15:57:46,434] multiqc                                            [DEBUG  ]  No MultiQC config found: /home/lanno001/poreTally/lib/python3_virtualenv/lib/python3.5/site-packages/multiqc_config.yaml
[2018-06-01 15:57:46,435] multiqc                                            [DEBUG  ]  No MultiQC config found: /home/lanno001/.multiqc_config.yaml
[2018-06-01 15:57:46,435] multiqc                                            [DEBUG  ]  No MultiQC config found: multiqc_config.yaml
[2018-06-01 15:57:46,435] multiqc                                            [DEBUG  ]  Command used: /home/lanno001/poreTally/lib/python3_virtualenv/bin/multiqc -i Assembler Benchmark report --filename REPORT -o /mnt/nexenta/lanno001/nobackup/int_ab_20180601/summarized_results -f -p --tag assembler_benchmark --template assembler_benchmark /mnt/nexenta/lanno001/nobackup/int_ab_20180601/summarized_results --data-format yaml
[2018-06-01 15:57:46,508] multiqc                                            [DEBUG  ]  Latest MultiQC version is v1.5
[2018-06-01 15:57:46,509] multiqc                                            [INFO   ]  This is MultiQC v1.5.dev0 (b20a0e9)
[2018-06-01 15:57:46,509] multiqc                                            [DEBUG  ]  Command     : /home/lanno001/poreTally/lib/python3_virtualenv/bin/multiqc -i Assembler Benchmark report --filename REPORT -o /mnt/nexenta/lanno001/nobackup/int_ab_20180601/summarized_results -f -p --tag assembler_benchmark --template assembler_benchmark /mnt/nexenta/lanno001/nobackup/int_ab_20180601/summarized_results --data-format yaml
[2018-06-01 15:57:46,509] multiqc                                            [DEBUG  ]  Working dir : /mnt/nexenta/lanno001/nobackup
[2018-06-01 15:57:46,510] multiqc                                            [INFO   ]  Template    : assembler_benchmark
[2018-06-01 15:57:46,510] multiqc                                            [INFO   ]  Report title: Assembler Benchmark report
[2018-06-01 15:57:46,511] multiqc                                            [INFO   ]  Searching '/mnt/nexenta/lanno001/nobackup/int_ab_20180601/summarized_results'
[2018-06-01 15:57:46,512] multiqc                                            [INFO   ]  Only using modules with 'assembler_benchmark' tag
[2018-06-01 15:57:46,512] multiqc                                            [DEBUG  ]  Analysing modules: ab_methods_section, ab_read_quality, quast, jellyfish, mummerplot, ab_cpu_times
[2018-06-01 15:57:46,513] multiqc                                            [DEBUG  ]  Using temporary directory for creating report: /tmp/tmp5epb2w75
[2018-06-01 15:57:46,643] multiqc                                            [DEBUG  ]  Ignored search patterns as didn't match running modules: bbmap/aqhist, conpair/concordance, bbmap/covhist, interop/index-summary, bcl2fastq, peddy/ped_check, bismark/bam2nuc, goleft_indexcov/ped, supernova/summary, trimmomatic, deeptools/plotCoverageOutRawCounts, snpeff, supernova/molecules, bbmap/statsfile, htseq, featurecounts, rna_seqc/correlation, slamdunk/summary, bismark/meth_extract, interop/summary, star, homer/tagInfo, hicexplorer, rseqc/read_gc, goleft_indexcov/roc, qualimap/bamqc/genome_fraction, slamdunk/utrrates, clusterflow/runfiles, samtools/stats, bbmap/rpkm, leehom, rseqc/infer_experiment, rsem, sortmerna, bbmap/statsfile_machine, deeptools/estimateReadFiltering, rseqc/read_distribution, clusterflow/logs, picard/alignment_metrics, disambiguate, bismark/m_bias, preseq, homer/findpeaks, homer/genomeGCcontent, vcftools/tstv_by_qual, deeptools/plotEnrichment, samblaster, bbmap/mhist, slamdunk/tcperreadpos, peddy/sex_check, rna_seqc/coverage, salmon/fld, busco, bbmap/bhist, hicup, vcftools/tstv_summary, bbmap/lhist, conpair/contamination, bcftools/stats, bbmap/gchist, vcftools/relatedness2, qualimap/bamqc/insert_size, peddy/summary_table, bbmap/covstats, deeptools/bamPEFragmentSize, fastqc/data, gatk/varianteval, bbmap/qhist, bbmap/bqhist, samtools/flagstat, bbmap/idhist, picard/markdups, picard/pcr_metrics, picard/basedistributionbycycle, bismark/align, rseqc/read_duplication_pos, prokka, homer/GCcontent, bismark/dedup, flexbar, bbmap/ehist, bbmap/ihist, bowtie2, picard/rrbs_metrics, bbmap/indelhist, picard/gcbias, picard/rnaseqmetrics, preseq/real_counts, rseqc/inner_distance, gatk/base_recalibrator, qualimap/rnaseq/rnaseq_results, salmon/meta, picard/wgs_metrics, rseqc/gene_body_coverage, fastqc/theoretical_gc, bowtie1, qualimap/bamqc/gc_dist, adapterRemoval, rseqc/bam_stat, star/genecounts, picard/oxogmetrics, qualimap/rnaseq/coverage, skewer, homer/RestrictionDistribution, macs2, methylQA, deeptools/plotFingerprintOutRawCounts, bamtools/stats, slamdunk/PCA, rseqc/junction_saturation, samtools/rmdup, deeptools/plotCoverageStdout, quast_synteny, custom_content, theta2, picard/hsmetrics, tophat, verifybamid/selfsm, qualimap/bamqc/coverage, bbmap/bincov, fastq_screen, slamdunk/rates, fastqc/zip, bbmap/qahist, samtools/idxstats, homer/FreqDistribution, supernova/kmers, hisat2, biobloomtools, rseqc/junction_annotation, sargasso, picard/insertsize, vcftools/tstv_by_count, cutadapt, qualimap/bamqc/genome_results, slamdunk/tcperutrpos, kallisto, homer/LengthDistribution, afterqc, rna_seqc/metrics, peddy/het_check, qorts, supernova/report, deeptools/plotFingerprintOutQualityMetrics
[2018-06-01 15:57:46,677] multiqc                                            [DEBUG  ]  Ignoring file as matched an ignore pattern: NanoPlot-report.html
[2018-06-01 15:57:46,683] multiqc                                            [DEBUG  ]  Ignoring file as matched an ignore pattern: flye.html
[2018-06-01 15:57:46,773] multiqc.modules.ab_read_quality.ab_read_quality    [INFO   ]  found Minimap2 alignment summary
[2018-06-01 15:57:46,775] multiqc.modules.ab_read_quality.ab_read_quality    [INFO   ]  found nanostats file
[2018-06-01 15:57:47,017] multiqc.modules.quast.quast                        [INFO   ]  Found 3 reports
[2018-06-01 15:57:48,883] multiqc.modules.jellyfish.jellyfish                [INFO   ]  Found 0 histogram files
[2018-06-01 15:57:48,883] multiqc.modules.jellyfish.jellyfish                [INFO   ]  Found 4 count (dump) files
[2018-06-01 15:57:50,128] multiqc.modules.mummerplot.mummerplot              [INFO   ]  found mummerplot images
[2018-06-01 15:57:50,349] multiqc.modules.ab_cpu_times.ab_cpu_times          [INFO   ]  found 5 CPU time entries
[2018-06-01 15:57:50,358] multiqc                                            [INFO   ]  Compressing plot data
[2018-06-01 15:57:50,634] multiqc                                            [INFO   ]  Report      : int_ab_20180601/summarized_results/multiqc_report/REPORT.html
[2018-06-01 15:57:50,634] multiqc                                            [INFO   ]  Data        : int_ab_20180601/summarized_results/multiqc_report/REPORT_data
[2018-06-01 15:57:50,635] multiqc                                            [DEBUG  ]  Moving data file from '/tmp/tmp5epb2w75/multiqc_data/ab_methods.yaml' to '/mnt/nexenta/lanno001/nobackup/int_ab_20180601/summarized_results/multiqc_report/REPORT_data'
[2018-06-01 15:57:50,637] multiqc                                            [DEBUG  ]  Moving data file from '/tmp/tmp5epb2w75/multiqc_data/multiqc_data.json' to '/mnt/nexenta/lanno001/nobackup/int_ab_20180601/summarized_results/multiqc_report/REPORT_data'
[2018-06-01 15:57:50,655] multiqc                                            [DEBUG  ]  Moving data file from '/tmp/tmp5epb2w75/multiqc_data/multiqc_quast.yaml' to '/mnt/nexenta/lanno001/nobackup/int_ab_20180601/summarized_results/multiqc_report/REPORT_data'
[2018-06-01 15:57:50,657] multiqc                                            [DEBUG  ]  Moving data file from '/tmp/tmp5epb2w75/multiqc_data/multiqc_sources.yaml' to '/mnt/nexenta/lanno001/nobackup/int_ab_20180601/summarized_results/multiqc_report/REPORT_data'
[2018-06-01 15:57:50,658] multiqc                                            [DEBUG  ]  Moving data file from '/tmp/tmp5epb2w75/multiqc_data/multiqc_general_stats.yaml' to '/mnt/nexenta/lanno001/nobackup/int_ab_20180601/summarized_results/multiqc_report/REPORT_data'
[2018-06-01 15:57:50,659] multiqc                                            [DEBUG  ]  Moving data file from '/tmp/tmp5epb2w75/multiqc_data/mqc_quast_num_contigs_1.yaml' to '/mnt/nexenta/lanno001/nobackup/int_ab_20180601/summarized_results/multiqc_report/REPORT_data'
[2018-06-01 15:57:50,661] multiqc                                            [DEBUG  ]  Moving data file from '/tmp/tmp5epb2w75/multiqc_data/multiqc_readqual_summary.yaml' to '/mnt/nexenta/lanno001/nobackup/int_ab_20180601/summarized_results/multiqc_report/REPORT_data'
[2018-06-01 15:57:50,663] multiqc                                            [INFO   ]  Plots       : int_ab_20180601/summarized_results/multiqc_report/multiqc_plots
[2018-06-01 15:57:50,663] multiqc                                            [DEBUG  ]  Moving plots directory from '/tmp/tmp5epb2w75/multiqc_plots/svg' to '/mnt/nexenta/lanno001/nobackup/int_ab_20180601/summarized_results/multiqc_report/multiqc_plots'
[2018-06-01 15:57:50,669] multiqc                                            [DEBUG  ]  Moving plots directory from '/tmp/tmp5epb2w75/multiqc_plots/png' to '/mnt/nexenta/lanno001/nobackup/int_ab_20180601/summarized_results/multiqc_report/multiqc_plots'
[2018-06-01 15:57:50,678] multiqc                                            [DEBUG  ]  Moving plots directory from '/tmp/tmp5epb2w75/multiqc_plots/pdf' to '/mnt/nexenta/lanno001/nobackup/int_ab_20180601/summarized_results/multiqc_report/multiqc_plots'
[2018-06-01 15:57:50,878] multiqc                                            [INFO   ]  MultiQC complete
