START AUTO VERSION PRINTING
# flye
2.3.4-g5b44fbe
END AUTO VERSION PRINTING
] INFO: Assembling reads
[2018-06-01 15:55:44] INFO: Running with k-mer size: 15
[2018-06-01 15:55:44] INFO: Reading sequences
[2018-06-01 15:55:44] INFO: Reads N50/90: 15814 / 9968
[2018-06-01 15:55:44] INFO: Selected minimum overlap 5000
[2018-06-01 15:55:44] INFO: Expected read coverage: 37
[2018-06-01 15:55:44] INFO: Generating solid k-mer index
[2018-06-01 15:56:00] INFO: Counting kmers (1/2):
0% 10% 20% % 30% 40% 50% % 60% % % % 80% 90% 100% 
[2018-06-01 15:56:01] INFO: Counting kmers (2/2):
0% 0% % 30% 40% 50% % 60% % 80% % 60% % % % 90% 100% 
[2018-06-01 15:56:01] INFO: Filling index table
0% 10% 20% % 30% 40% 50% % 80% % 8070% % 80% % % % 100% 
[2018-06-01 15:56:01] INFO: Extending reads
[2018-06-01 15:56:01] INFO: Overlap-based coverage: 11
0% 10% % 30% 50% 80% % % 70% % % 90% % 90% % % 10% % 100% 
[2018-06-01 15:56:01] INFO: Assembled 1 draft contigs
[2018-06-01 15:56:01] INFO: Generating contig sequences
10% 20% 40% 50% 70% 80% 100% 
[2018-06-01 15:56:02] INFO: Running Minimap2
[2018-06-01 15:56:02] INFO: Computing consensus
[2018-06-01 15:56:03] INFO: Alignment error rate: 0.204124970931
[2018-06-01 15:56:03] INFO: Performing repeat analysis
[2018-06-01 15:56:03] INFO: Reading sequences
[2018-06-01 15:56:03] INFO: Building repeat graph
5050100% % 
[2018-06-01 15:56:19] INFO: Aligning reads to the graph
0% 10% 20% 30% 40% 50% 60% 70% 80% 90% 100% 
[2018-06-01 15:56:35] INFO: Aligned sequence: 888146 / 924102 (0.961091)
[2018-06-01 15:56:35] INFO: Mean edge coverage: 8
[2018-06-01 15:56:35] INFO: Resolving repeats
[2018-06-01 15:56:35] INFO: Generating contigs
[2018-06-01 15:56:35] INFO: Generated 1 contigs
[2018-06-01 15:56:35] INFO: Polishing genome (1/1)
[2018-06-01 15:56:35] INFO: Running Minimap2
[2018-06-01 15:56:36] INFO: Separating alignment into bubbles
[2018-06-01 15:56:36] INFO: Alignment error rate: 0.164434932683
[2018-06-01 15:56:36] INFO: Correcting bubbles
0% 10% 20% 30% 40% 50% 60% 70% 80% 90% 100% 
[2018-06-01 15:56:41] INFO: Assembly statistics:

	Total length:	52918
	Contigs:	1
	Scaffolds:	1
	Scaffolds N50:	52918
	Largest scf:	52918
	Mean coverage:	8

[2018-06-01 15:56:41] INFO: Final assembly: /mnt/nexenta/lanno001/nobackup/int_ab_20180601/assembler_results/flye/scaffolds.fasta
CPU_TIME(USER+SYS):80+2
